0 info it worked if it ends with ok
1 verbose cli [ '/usr/bin/node',
1 verbose cli   '/usr/bin/npm',
1 verbose cli   'install',
1 verbose cli   'mrr-brain-games',
1 verbose cli   '-g' ]
2 info using npm@3.5.2
3 info using node@v8.10.0
4 silly loadCurrentTree Starting
5 silly install loadCurrentTree
6 silly install readGlobalPackageData
7 silly fetchPackageMetaData mrr-brain-games
8 silly fetchNamedPackageData mrr-brain-games
9 silly mapToRegistry name mrr-brain-games
10 silly mapToRegistry using default registry
11 silly mapToRegistry registry https://registry.npmjs.org/
12 silly mapToRegistry uri https://registry.npmjs.org/mrr-brain-games
13 verbose request uri https://registry.npmjs.org/mrr-brain-games
14 verbose request no auth needed
15 info attempt registry request try #1 at 12:17:28 AM
16 verbose request using bearer token for auth
17 verbose request id 2ca8078c171d703a
18 verbose etag W/"e06684eb51d1cbdefb127dcd0562d64e"
19 verbose lastModified Fri, 13 Dec 2019 19:16:34 GMT
20 http request GET https://registry.npmjs.org/mrr-brain-games
21 http 304 https://registry.npmjs.org/mrr-brain-games
22 verbose headers { date: 'Fri, 13 Dec 2019 19:19:31 GMT',
22 verbose headers   connection: 'keep-alive',
22 verbose headers   'set-cookie':
22 verbose headers    [ '__cfduid=d5e7afa325b5f4e8a051bca96262ff11c1576264771; expires=Sun, 12-Jan-20 19:19:31 GMT; path=/; domain=.npmjs.org; HttpOnly' ],
22 verbose headers   'cf-ray': '544a4a488cb2c2d1-FRA',
22 verbose headers   age: '19',
22 verbose headers   'cache-control': 'public, max-age=300',
22 verbose headers   etag: '"e06684eb51d1cbdefb127dcd0562d64e"',
22 verbose headers   'last-modified': 'Fri, 13 Dec 2019 19:16:34 GMT',
22 verbose headers   vary: 'Accept-Encoding',
22 verbose headers   'cf-cache-status': 'HIT',
22 verbose headers   'expect-ct': 'max-age=604800, report-uri="https://report-uri.cloudflare.com/cdn-cgi/beacon/expect-ct"',
22 verbose headers   server: 'cloudflare' }
23 silly get cb [ 304,
23 silly get   { date: 'Fri, 13 Dec 2019 19:19:31 GMT',
23 silly get     connection: 'keep-alive',
23 silly get     'set-cookie':
23 silly get      [ '__cfduid=d5e7afa325b5f4e8a051bca96262ff11c1576264771; expires=Sun, 12-Jan-20 19:19:31 GMT; path=/; domain=.npmjs.org; HttpOnly' ],
23 silly get     'cf-ray': '544a4a488cb2c2d1-FRA',
23 silly get     age: '19',
23 silly get     'cache-control': 'public, max-age=300',
23 silly get     etag: '"e06684eb51d1cbdefb127dcd0562d64e"',
23 silly get     'last-modified': 'Fri, 13 Dec 2019 19:16:34 GMT',
23 silly get     vary: 'Accept-Encoding',
23 silly get     'cf-cache-status': 'HIT',
23 silly get     'expect-ct': 'max-age=604800, report-uri="https://report-uri.cloudflare.com/cdn-cgi/beacon/expect-ct"',
23 silly get     server: 'cloudflare' } ]
24 verbose etag https://registry.npmjs.org/mrr-brain-games from cache
25 verbose get saving mrr-brain-games to /home/ruslan/.npm/registry.npmjs.org/mrr-brain-games/.cache.json
26 silly install normalizeTree
27 silly loadCurrentTree Finishing
28 silly loadIdealTree Starting
29 silly install loadIdealTree
30 silly cloneCurrentTree Starting
31 silly install cloneCurrentTreeToIdealTree
32 silly cloneCurrentTree Finishing
33 silly loadShrinkwrap Starting
34 silly install loadShrinkwrap
35 silly loadShrinkwrap Finishing
36 silly loadAllDepsIntoIdealTree Starting
37 silly install loadAllDepsIntoIdealTree
38 silly resolveWithNewModule mrr-brain-games@1.0.0 checking installable status
39 silly cache add args [ 'mrr-brain-games', null ]
40 verbose cache add spec mrr-brain-games
41 silly cache add parsed spec Result {
41 silly cache add   raw: 'mrr-brain-games',
41 silly cache add   scope: null,
41 silly cache add   name: 'mrr-brain-games',
41 silly cache add   rawSpec: '',
41 silly cache add   spec: 'latest',
41 silly cache add   type: 'tag' }
42 silly addNamed mrr-brain-games@latest
43 verbose addNamed "latest" is being treated as a dist-tag for mrr-brain-games
44 info addNameTag [ 'mrr-brain-games', 'latest' ]
45 silly mapToRegistry name mrr-brain-games
46 silly mapToRegistry using default registry
47 silly mapToRegistry registry https://registry.npmjs.org/
48 silly mapToRegistry uri https://registry.npmjs.org/mrr-brain-games
49 verbose addNameTag registry:https://registry.npmjs.org/mrr-brain-games not in flight; fetching
50 verbose get https://registry.npmjs.org/mrr-brain-games not expired, no request
51 silly addNameTag next cb for mrr-brain-games with tag latest
52 silly addNamed mrr-brain-games@1.0.0
53 verbose addNamed "1.0.0" is a plain semver version for mrr-brain-games
54 silly cache afterAdd mrr-brain-games@1.0.0
55 verbose afterAdd /home/ruslan/.npm/mrr-brain-games/1.0.0/package/package.json not in flight; writing
56 verbose afterAdd /home/ruslan/.npm/mrr-brain-games/1.0.0/package/package.json written
57 silly loadAllDepsIntoIdealTree Finishing
58 silly idealTree:prePrune lib
58 silly idealTree:prePrune └── mrr-brain-games@1.0.0
59 silly loadIdealTree Finishing
60 silly currentTree lib
61 silly idealTree lib
61 silly idealTree └── mrr-brain-games@1.0.0
62 silly generateActionsToTake Starting
63 silly install generateActionsToTake
64 silly generateActionsToTake Finishing
65 silly diffTrees action count 1
66 silly diffTrees add mrr-brain-games@1.0.0
67 silly decomposeActions action count 8
68 silly decomposeActions fetch mrr-brain-games@1.0.0
69 silly decomposeActions extract mrr-brain-games@1.0.0
70 silly decomposeActions test mrr-brain-games@1.0.0
71 silly decomposeActions preinstall mrr-brain-games@1.0.0
72 silly decomposeActions build mrr-brain-games@1.0.0
73 silly decomposeActions install mrr-brain-games@1.0.0
74 silly decomposeActions postinstall mrr-brain-games@1.0.0
75 silly decomposeActions finalize mrr-brain-games@1.0.0
76 silly executeActions Starting
77 silly install executeActions
78 silly doSerial global-install 0
79 silly doParallel fetch 1
80 verbose lock using /home/ruslan/.npm/_locks/staging-3a08f0df5026584d.lock for /usr/local/lib/node_modules/.staging
81 silly doParallel extract 1
82 silly extract mrr-brain-games@1.0.0
83 verbose unbuild lib/node_modules/.staging/mrr-brain-games-e2a4120d
84 silly gentlyRm /usr/local/lib/node_modules/.staging/mrr-brain-games-e2a4120d is being purged from base /usr/local
85 verbose gentlyRm don't care about contents; nuking /usr/local/lib/node_modules/.staging/mrr-brain-games-e2a4120d
86 verbose tar unpack /home/ruslan/.npm/mrr-brain-games/1.0.0/package.tgz
87 verbose tar unpacking to /usr/local/lib/node_modules/.staging/mrr-brain-games-e2a4120d
88 silly gentlyRm /usr/local/lib/node_modules/.staging/mrr-brain-games-e2a4120d is being purged
89 verbose gentlyRm don't care about contents; nuking /usr/local/lib/node_modules/.staging/mrr-brain-games-e2a4120d
90 silly gunzTarPerm modes [ '755', '644' ]
91 silly gunzTarPerm extractEntry package.json
92 silly gunzTarPerm modified mode [ 'package.json', 511, 493 ]
93 silly gentlyRm /usr/local/lib/node_modules/.staging/mrr-brain-games-e2a4120d/node_modules is being purged
94 verbose gentlyRm don't care about contents; nuking /usr/local/lib/node_modules/.staging/mrr-brain-games-e2a4120d/node_modules
95 silly doParallel preinstall 1
96 silly preinstall mrr-brain-games@1.0.0 /usr/local/lib/node_modules/.staging/mrr-brain-games-e2a4120d
97 info lifecycle mrr-brain-games@1.0.0~preinstall: mrr-brain-games@1.0.0
98 silly lifecycle mrr-brain-games@1.0.0~preinstall: no script for preinstall, continuing
99 silly doReverseSerial remove 0
100 silly doSerial move 0
101 silly doSerial finalize 1
102 silly finalize /usr/local/lib/node_modules/mrr-brain-games
103 silly doSerial build 1
104 silly build mrr-brain-games@1.0.0
105 info linkStuff mrr-brain-games@1.0.0
106 silly linkStuff mrr-brain-games@1.0.0 has /usr/local/lib/node_modules as its parent node_modules
107 silly linkStuff mrr-brain-games@1.0.0 is part of a global install
108 silly linkStuff mrr-brain-games@1.0.0 is installed into a global node_modules
109 silly linkStuff mrr-brain-games@1.0.0 is installed into the top-level global node_modules
110 verbose linkBins mrr-brain-games@1.0.0
111 verbose link bins [ { 'brain-games': 'dist/bin/brain-games.js' },
111 verbose link bins   '/usr/local/bin',
111 verbose link bins   true ]
112 verbose linkMans mrr-brain-games@1.0.0
113 verbose unlock done using /home/ruslan/.npm/_locks/staging-3a08f0df5026584d.lock for /usr/local/lib/node_modules/.staging
114 silly rollbackFailedOptional Starting
115 silly rollbackFailedOptional Finishing
116 silly runTopLevelLifecycles Starting
117 silly runTopLevelLifecycles Finishing
118 silly install printInstalled
119 verbose stack Error: ENOENT: no such file or directory, chmod '/usr/local/lib/node_modules/mrr-brain-games/dist/bin/brain-games.js'
120 verbose cwd /mnt/c/Users/Семпай/Desktop/mrr-brain-games
121 error Linux 4.4.0-17763-Microsoft
122 error argv "/usr/bin/node" "/usr/bin/npm" "install" "mrr-brain-games" "-g"
123 error node v8.10.0
124 error npm  v3.5.2
125 error path /usr/local/lib/node_modules/mrr-brain-games/dist/bin/brain-games.js
126 error code ENOENT
127 error errno -2
128 error syscall chmod
129 error enoent ENOENT: no such file or directory, chmod '/usr/local/lib/node_modules/mrr-brain-games/dist/bin/brain-games.js'
130 error enoent ENOENT: no such file or directory, chmod '/usr/local/lib/node_modules/mrr-brain-games/dist/bin/brain-games.js'
130 error enoent This is most likely not a problem with npm itself
130 error enoent and is related to npm not being able to find a file.
131 verbose exit [ -2, true ]
